2023-12-17 21:12:417 INFO  HomePage :75 - Clicking on login Link : [[ChromeDriver: chrome on windows (dd5f2e366c791231be99aa792f37c232)] -> link text: Log in]
2023-12-17 21:12:802 INFO  LoginPage :37 - Getting text from : [[ChromeDriver: chrome on windows (dd5f2e366c791231be99aa792f37c232)] -> xpath: //h1[contains(text(),'Welcome, Please Sign In!')]]
2023-12-17 21:12:00 INFO  HomePage :75 - Clicking on login Link : [[ChromeDriver: chrome on windows (6623fde0d8acf8daba0918183314a28a)] -> link text: Log in]
2023-12-17 21:12:667 INFO  LoginPage :42 - Entering email id : [[ChromeDriver: chrome on windows (6623fde0d8acf8daba0918183314a28a)] -> id: Email]
2023-12-17 21:12:890 INFO  LoginPage :42 - Entering email id : [[ChromeDriver: chrome on windows (6623fde0d8acf8daba0918183314a28a)] -> id: Email]
2023-12-17 21:12:59 INFO  LoginPage :52 - Clicking on login button : [[ChromeDriver: chrome on windows (6623fde0d8acf8daba0918183314a28a)] -> xpath: //button[contains(text(),'Log in')]]
2023-12-17 21:12:561 INFO  HomePage :75 - Clicking on login Link : Proxy element for: DefaultElementLocator 'By.linkText: Log in'
2023-12-17 21:12:969 INFO  HomePage :75 - Clicking on login Link : [[ChromeDriver: chrome on windows (dbe644f60a3c6ad72958d5d3104c0fec)] -> link text: Log in]
2023-12-17 21:12:80 INFO  LoginPage :42 - Entering email id : [[ChromeDriver: chrome on windows (dbe644f60a3c6ad72958d5d3104c0fec)] -> id: Email]
2023-12-17 21:12:266 INFO  LoginPage :42 - Entering email id : [[ChromeDriver: chrome on windows (dbe644f60a3c6ad72958d5d3104c0fec)] -> id: Email]
2023-12-17 21:12:368 INFO  LoginPage :52 - Clicking on login button : [[ChromeDriver: chrome on windows (dbe644f60a3c6ad72958d5d3104c0fec)] -> xpath: //button[contains(text(),'Log in')]]
2023-12-17 21:12:880 INFO  HomePage :75 - Clicking on login Link : [[ChromeDriver: chrome on windows (1c5aa46d249e2e6b6e527b3f3eabe503)] -> link text: Log in]
2023-12-17 21:12:790 INFO  LoginPage :37 - Getting text from : [[ChromeDriver: chrome on windows (1c5aa46d249e2e6b6e527b3f3eabe503)] -> xpath: //h1[contains(text(),'Welcome, Please Sign In!')]]
2023-12-17 21:12:588 INFO  HomePage :75 - Clicking on login Link : [[ChromeDriver: chrome on windows (156efdac7ba88c7837198cb97354a389)] -> link text: Log in]
2023-12-17 21:12:794 INFO  LoginPage :42 - Entering email id : [[ChromeDriver: chrome on windows (156efdac7ba88c7837198cb97354a389)] -> id: Email]
2023-12-17 21:12:970 INFO  LoginPage :42 - Entering email id : [[ChromeDriver: chrome on windows (156efdac7ba88c7837198cb97354a389)] -> id: Email]
2023-12-17 21:12:69 INFO  LoginPage :52 - Clicking on login button : [[ChromeDriver: chrome on windows (156efdac7ba88c7837198cb97354a389)] -> xpath: //button[contains(text(),'Log in')]]
2023-12-17 21:12:468 INFO  HomePage :75 - Clicking on login Link : [[ChromeDriver: chrome on windows (30abc5750a2303323368b9c9ff55db76)] -> link text: Log in]
2023-12-17 21:12:890 INFO  LoginPage :37 - Getting text from : [[ChromeDriver: chrome on windows (30abc5750a2303323368b9c9ff55db76)] -> xpath: //h1[contains(text(),'Welcome, Please Sign In!')]]
2023-12-17 21:12:311 INFO  HomePage :75 - Clicking on login Link : [[ChromeDriver: chrome on windows (91d870ced6d231517ad34bcf7ac5a842)] -> link text: Log in]
2023-12-17 21:12:448 INFO  LoginPage :42 - Entering email id : [[ChromeDriver: chrome on windows (91d870ced6d231517ad34bcf7ac5a842)] -> id: Email]
2023-12-17 21:12:601 INFO  LoginPage :42 - Entering email id : [[ChromeDriver: chrome on windows (91d870ced6d231517ad34bcf7ac5a842)] -> id: Email]
2023-12-17 21:12:698 INFO  LoginPage :52 - Clicking on login button : [[ChromeDriver: chrome on windows (91d870ced6d231517ad34bcf7ac5a842)] -> xpath: //button[contains(text(),'Log in')]]
2023-12-17 21:12:537 INFO  HomePage :75 - Clicking on login Link : [[ChromeDriver: chrome on windows (814a60a81cfe70f87ae36d51b6132294)] -> link text: Log in]
2023-12-17 21:12:432 INFO  LoginPage :37 - Getting text from : [[ChromeDriver: chrome on windows (814a60a81cfe70f87ae36d51b6132294)] -> xpath: //h1[contains(text(),'Welcome, Please Sign In!')]]
2023-12-17 21:12:07 INFO  HomePage :75 - Clicking on login Link : [[ChromeDriver: chrome on windows (3482ae2a0a032b0d25d2cb3ef5b03c3c)] -> link text: Log in]
2023-12-17 21:12:197 INFO  LoginPage :42 - Entering email id : [[ChromeDriver: chrome on windows (3482ae2a0a032b0d25d2cb3ef5b03c3c)] -> id: Email]
2023-12-17 21:12:351 INFO  LoginPage :42 - Entering email id : [[ChromeDriver: chrome on windows (3482ae2a0a032b0d25d2cb3ef5b03c3c)] -> id: Email]
2023-12-17 21:12:453 INFO  LoginPage :52 - Clicking on login button : [[ChromeDriver: chrome on windows (3482ae2a0a032b0d25d2cb3ef5b03c3c)] -> xpath: //button[contains(text(),'Log in')]]
2023-12-17 21:12:541 INFO  HomePage :75 - Clicking on login Link : [[ChromeDriver: chrome on windows (c5012ba60fce15b04938a0719de2e477)] -> link text: Log in]
2023-12-17 21:12:494 INFO  LoginPage :37 - Getting text from : [[ChromeDriver: chrome on windows (c5012ba60fce15b04938a0719de2e477)] -> xpath: //h1[contains(text(),'Welcome, Please Sign In!')]]
2023-12-17 21:12:992 INFO  HomePage :75 - Clicking on login Link : [[ChromeDriver: chrome on windows (3d30b0abd9743f24be847e47bd65d439)] -> link text: Log in]
2023-12-17 21:12:77 INFO  LoginPage :42 - Entering email id : [[ChromeDriver: chrome on windows (3d30b0abd9743f24be847e47bd65d439)] -> id: Email]
2023-12-17 21:12:229 INFO  LoginPage :42 - Entering email id : [[ChromeDriver: chrome on windows (3d30b0abd9743f24be847e47bd65d439)] -> id: Email]
2023-12-17 21:12:338 INFO  LoginPage :52 - Clicking on login button : [[ChromeDriver: chrome on windows (3d30b0abd9743f24be847e47bd65d439)] -> xpath: //button[contains(text(),'Log in')]]
2023-12-17 21:12:915 INFO  HomePage :75 - Clicking on login Link : [[ChromeDriver: chrome on windows (86f03a7160a39f37318c78b94e90ff60)] -> link text: Log in]
2023-12-17 21:12:735 INFO  LoginPage :37 - Getting text from : [[ChromeDriver: chrome on windows (86f03a7160a39f37318c78b94e90ff60)] -> xpath: //h1[contains(text(),'Welcome, Please Sign In!')]]
2023-12-17 21:12:827 INFO  HomePage :75 - Clicking on login Link : [[ChromeDriver: chrome on windows (0f05030d4b4933c25cb26cc7e2d6b20b)] -> link text: Log in]
2023-12-17 21:12:845 INFO  LoginPage :42 - Entering email id : [[ChromeDriver: chrome on windows (0f05030d4b4933c25cb26cc7e2d6b20b)] -> id: Email]
2023-12-17 21:12:926 INFO  LoginPage :42 - Entering email id : [[ChromeDriver: chrome on windows (0f05030d4b4933c25cb26cc7e2d6b20b)] -> id: Email]
2023-12-17 21:12:986 INFO  LoginPage :52 - Clicking on login button : [[ChromeDriver: chrome on windows (0f05030d4b4933c25cb26cc7e2d6b20b)] -> xpath: //button[contains(text(),'Log in')]]
2023-12-17 21:12:811 INFO  HomePage :75 - Clicking on login Link : [[ChromeDriver: chrome on windows (9cb08ca2443cbdc06d962f1558728377)] -> link text: Log in]
2023-12-17 21:12:856 INFO  LoginPage :37 - Getting text from : [[ChromeDriver: chrome on windows (9cb08ca2443cbdc06d962f1558728377)] -> xpath: //h1[contains(text(),'Welcome, Please Sign In!')]]
2023-12-17 21:12:588 INFO  HomePage :75 - Clicking on login Link : [[ChromeDriver: chrome on windows (27756aef814c68ccaa0d76f24ec83d16)] -> link text: Log in]
2023-12-17 21:12:876 INFO  LoginPage :42 - Entering email id : [[ChromeDriver: chrome on windows (27756aef814c68ccaa0d76f24ec83d16)] -> id: Email]
2023-12-17 21:12:987 INFO  LoginPage :42 - Entering email id : [[ChromeDriver: chrome on windows (27756aef814c68ccaa0d76f24ec83d16)] -> id: Email]
2023-12-17 21:12:72 INFO  LoginPage :52 - Clicking on login button : [[ChromeDriver: chrome on windows (27756aef814c68ccaa0d76f24ec83d16)] -> xpath: //button[contains(text(),'Log in')]]
2023-12-17 21:12:787 INFO  LoginPage :37 - Getting text from : [[ChromeDriver: chrome on windows (27756aef814c68ccaa0d76f24ec83d16)] -> xpath: //h1[contains(text(),'Welcome, Please Sign In!')]]
2023-12-17 22:12:497 INFO  HomePage :75 - Clicking on login Link : [[ChromeDriver: chrome on windows (b2cb5f1949a8b23b826707ed7d73fe6b)] -> link text: Log in]
2023-12-17 22:12:166 INFO  LoginPage :37 - Getting text from : [[ChromeDriver: chrome on windows (b2cb5f1949a8b23b826707ed7d73fe6b)] -> xpath: //h1[contains(text(),'Welcome, Please Sign In!')]]
2023-12-17 22:12:26 INFO  HomePage :75 - Clicking on login Link : [[ChromeDriver: chrome on windows (1b4aecece8457624ef692cbaf9742e41)] -> link text: Log in]
2023-12-17 22:12:198 INFO  LoginPage :42 - Entering email id : [[ChromeDriver: chrome on windows (1b4aecece8457624ef692cbaf9742e41)] -> id: Email]
2023-12-17 22:12:312 INFO  LoginPage :42 - Entering email id : [[ChromeDriver: chrome on windows (1b4aecece8457624ef692cbaf9742e41)] -> id: Email]
2023-12-17 22:12:402 INFO  LoginPage :52 - Clicking on login button : [[ChromeDriver: chrome on windows (1b4aecece8457624ef692cbaf9742e41)] -> xpath: //button[contains(text(),'Log in')]]
2023-12-17 22:12:920 INFO  LoginPage :37 - Getting text from : [[ChromeDriver: chrome on windows (1b4aecece8457624ef692cbaf9742e41)] -> xpath: //h1[contains(text(),'Welcome, Please Sign In!')]]
2023-12-17 22:12:342 INFO  HomePage :75 - Clicking on login Link : [[ChromeDriver: chrome on windows (4cc5d6d55228f88b833ef60ace941793)] -> link text: Log in]
2023-12-17 22:12:104 INFO  LoginPage :37 - Getting text from : [[ChromeDriver: chrome on windows (4cc5d6d55228f88b833ef60ace941793)] -> xpath: //h1[contains(text(),'Welcome, Please Sign In!')]]
2023-12-17 22:12:937 INFO  HomePage :75 - Clicking on login Link : [[ChromeDriver: chrome on windows (ba0782dec0376c3ea1570c1460acd28f)] -> link text: Log in]
2023-12-17 22:12:832 INFO  LoginPage :42 - Entering email id : [[ChromeDriver: chrome on windows (ba0782dec0376c3ea1570c1460acd28f)] -> id: Email]
2023-12-17 22:12:16 INFO  LoginPage :42 - Entering email id : [[ChromeDriver: chrome on windows (ba0782dec0376c3ea1570c1460acd28f)] -> id: Email]
2023-12-17 22:12:253 INFO  LoginPage :52 - Clicking on login button : [[ChromeDriver: chrome on windows (ba0782dec0376c3ea1570c1460acd28f)] -> xpath: //button[contains(text(),'Log in')]]
2023-12-17 22:12:70 INFO  LoginPage :37 - Getting text from : [[ChromeDriver: chrome on windows (ba0782dec0376c3ea1570c1460acd28f)] -> xpath: //h1[contains(text(),'Welcome, Please Sign In!')]]
2023-12-17 22:12:419 INFO  HomePage :75 - Clicking on login Link : [[ChromeDriver: chrome on windows (cf95588315124ed6950bfc58d85fd31b)] -> link text: Log in]
2023-12-17 22:12:311 INFO  LoginPage :37 - Getting text from : [[ChromeDriver: chrome on windows (cf95588315124ed6950bfc58d85fd31b)] -> xpath: //h1[contains(text(),'Welcome, Please Sign In!')]]
2023-12-17 22:12:12 INFO  HomePage :75 - Clicking on login Link : [[ChromeDriver: chrome on windows (db040b0620a5f15ae043f450a85eade9)] -> link text: Log in]
2023-12-17 22:12:291 INFO  LoginPage :42 - Entering email id : [[ChromeDriver: chrome on windows (db040b0620a5f15ae043f450a85eade9)] -> id: Email]
2023-12-17 22:12:482 INFO  LoginPage :42 - Entering email id : [[ChromeDriver: chrome on windows (db040b0620a5f15ae043f450a85eade9)] -> id: Email]
2023-12-17 22:12:562 INFO  LoginPage :52 - Clicking on login button : [[ChromeDriver: chrome on windows (db040b0620a5f15ae043f450a85eade9)] -> xpath: //button[contains(text(),'Log in')]]
2023-12-17 22:12:204 INFO  LoginPage :37 - Getting text from : [[ChromeDriver: chrome on windows (db040b0620a5f15ae043f450a85eade9)] -> xpath: //h1[contains(text(),'Welcome, Please Sign In!')]]
2023-12-17 22:12:661 INFO  HomePage :75 - Clicking on login Link : [[ChromeDriver: chrome on windows (c4573e7e0bff269c473767e7ce41a83e)] -> link text: Log in]
2023-12-17 22:12:902 INFO  LoginPage :37 - Getting text from : [[ChromeDriver: chrome on windows (c4573e7e0bff269c473767e7ce41a83e)] -> xpath: //h1[contains(text(),'Welcome, Please Sign In!')]]
2023-12-17 22:12:507 INFO  HomePage :75 - Clicking on login Link : [[ChromeDriver: chrome on windows (77108a61ea44716ffe0d56851eb10ac9)] -> link text: Log in]
2023-12-17 22:12:619 INFO  LoginPage :42 - Entering email id : [[ChromeDriver: chrome on windows (77108a61ea44716ffe0d56851eb10ac9)] -> id: Email]
2023-12-17 22:12:777 INFO  LoginPage :42 - Entering email id : [[ChromeDriver: chrome on windows (77108a61ea44716ffe0d56851eb10ac9)] -> id: Email]
2023-12-17 22:12:864 INFO  LoginPage :52 - Clicking on login button : [[ChromeDriver: chrome on windows (77108a61ea44716ffe0d56851eb10ac9)] -> xpath: //button[contains(text(),'Log in')]]
2023-12-17 22:12:730 INFO  LoginPage :37 - Getting text from : [[ChromeDriver: chrome on windows (77108a61ea44716ffe0d56851eb10ac9)] -> xpath: //h1[contains(text(),'Welcome, Please Sign In!')]]
2023-12-17 22:12:885 INFO  HomePage :75 - Clicking on login Link : [[ChromeDriver: chrome on windows (a8f883c542999cee26e03021c225f0f6)] -> link text: Log in]
2023-12-17 22:12:68 INFO  LoginPage :37 - Getting text from : [[ChromeDriver: chrome on windows (a8f883c542999cee26e03021c225f0f6)] -> xpath: //h1[contains(text(),'Welcome, Please Sign In!')]]
2023-12-17 22:12:993 INFO  HomePage :75 - Clicking on login Link : [[ChromeDriver: chrome on windows (a22e7d0efd115b2dd98ae5b0b332ae6f)] -> link text: Log in]
2023-12-17 22:12:364 INFO  LoginPage :42 - Entering email id : [[ChromeDriver: chrome on windows (a22e7d0efd115b2dd98ae5b0b332ae6f)] -> id: Email]
2023-12-17 22:12:602 INFO  LoginPage :42 - Entering email id : [[ChromeDriver: chrome on windows (a22e7d0efd115b2dd98ae5b0b332ae6f)] -> id: Email]
2023-12-17 22:12:784 INFO  LoginPage :52 - Clicking on login button : [[ChromeDriver: chrome on windows (a22e7d0efd115b2dd98ae5b0b332ae6f)] -> xpath: //button[contains(text(),'Log in')]]
2023-12-17 22:12:537 INFO  LoginPage :37 - Getting text from : [[ChromeDriver: chrome on windows (a22e7d0efd115b2dd98ae5b0b332ae6f)] -> xpath: //h1[contains(text(),'Welcome, Please Sign In!')]]
2023-12-17 22:12:53 INFO  HomePage :75 - Clicking on login Link : [[ChromeDriver: chrome on windows (d0ab4befd1e991665a1ad6a4b4f081ab)] -> link text: Log in]
2023-12-17 22:12:909 INFO  LoginPage :37 - Getting text from : [[ChromeDriver: chrome on windows (d0ab4befd1e991665a1ad6a4b4f081ab)] -> xpath: //h1[contains(text(),'Welcome, Please Sign In!')]]
2023-12-17 22:12:579 INFO  HomePage :75 - Clicking on login Link : [[ChromeDriver: chrome on windows (50d660eef9dd5f4574cf42430796eec6)] -> link text: Log in]
2023-12-17 22:12:576 INFO  LoginPage :42 - Entering email id : [[ChromeDriver: chrome on windows (50d660eef9dd5f4574cf42430796eec6)] -> id: Email]
2023-12-17 22:12:699 INFO  LoginPage :42 - Entering email id : [[ChromeDriver: chrome on windows (50d660eef9dd5f4574cf42430796eec6)] -> id: Email]
2023-12-17 22:12:773 INFO  LoginPage :52 - Clicking on login button : [[ChromeDriver: chrome on windows (50d660eef9dd5f4574cf42430796eec6)] -> xpath: //button[contains(text(),'Log in')]]
2023-12-17 22:12:237 INFO  LoginPage :37 - Getting text from : [[ChromeDriver: chrome on windows (50d660eef9dd5f4574cf42430796eec6)] -> xpath: //h1[contains(text(),'Welcome, Please Sign In!')]]
2023-12-18 00:12:245 INFO  HomePage :75 - Clicking on login Link : [[ChromeDriver: chrome on windows (eca2766c2f64c12fab8b0db3f283812f)] -> link text: Log in]
2023-12-18 00:12:31 INFO  LoginPage :37 - Getting text from : [[ChromeDriver: chrome on windows (eca2766c2f64c12fab8b0db3f283812f)] -> xpath: //h1[contains(text(),'Welcome, Please Sign In!')]]
2023-12-18 00:12:755 INFO  HomePage :75 - Clicking on login Link : [[ChromeDriver: chrome on windows (3a5209f17f89844c7b201ab6a5b1b142)] -> link text: Log in]
2023-12-18 00:12:151 INFO  LoginPage :42 - Entering email id : [[ChromeDriver: chrome on windows (3a5209f17f89844c7b201ab6a5b1b142)] -> id: Email]
2023-12-18 00:12:379 INFO  LoginPage :47 - Entering password : [[ChromeDriver: chrome on windows (3a5209f17f89844c7b201ab6a5b1b142)] -> name: Password]
2023-12-18 00:12:573 INFO  LoginPage :52 - Clicking on login button : [[ChromeDriver: chrome on windows (3a5209f17f89844c7b201ab6a5b1b142)] -> xpath: //button[contains(text(),'Log in')]]
2023-12-18 00:12:506 INFO  LoginPage :37 - Getting text from : [[ChromeDriver: chrome on windows (3a5209f17f89844c7b201ab6a5b1b142)] -> xpath: //h1[contains(text(),'Welcome, Please Sign In!')]]
2023-12-18 00:12:274 INFO  HomePage :127 - Clicking on Register Link : [[ChromeDriver: chrome on windows (30f4fcb6b83ab181345e3d45cde3042e)] -> link text: Register]
2023-12-18 00:12:574 INFO  HomePage :130 - Clicking on Register button : [[ChromeDriver: chrome on windows (30f4fcb6b83ab181345e3d45cde3042e)] -> name: register-button]
2023-12-18 00:12:817 INFO  HomePage :149 - Getting text from : [[ChromeDriver: chrome on windows (30f4fcb6b83ab181345e3d45cde3042e)] -> id: FirstName-error]
2023-12-18 00:12:924 INFO  HomePage :154 - Getting text from : [[ChromeDriver: chrome on windows (30f4fcb6b83ab181345e3d45cde3042e)] -> id: LastName-error]
2023-12-18 00:12:981 INFO  HomePage :159 - Getting text from : [[ChromeDriver: chrome on windows (30f4fcb6b83ab181345e3d45cde3042e)] -> id: Email-error]
2023-12-18 00:12:40 INFO  HomePage :164 - Getting text from : [[ChromeDriver: chrome on windows (30f4fcb6b83ab181345e3d45cde3042e)] -> id: Password-error]
2023-12-18 00:12:91 INFO  HomePage :169 - Getting text from : [[ChromeDriver: chrome on windows (30f4fcb6b83ab181345e3d45cde3042e)] -> id: ConfirmPassword-error]
2023-12-18 00:12:147 INFO  HomePage :149 - Getting text from : [[ChromeDriver: chrome on windows (30f4fcb6b83ab181345e3d45cde3042e)] -> id: FirstName-error]
2023-12-18 00:12:204 INFO  HomePage :154 - Getting text from : [[ChromeDriver: chrome on windows (30f4fcb6b83ab181345e3d45cde3042e)] -> id: LastName-error]
2023-12-18 00:12:244 INFO  HomePage :159 - Getting text from : [[ChromeDriver: chrome on windows (30f4fcb6b83ab181345e3d45cde3042e)] -> id: Email-error]
2023-12-18 00:12:316 INFO  HomePage :164 - Getting text from : [[ChromeDriver: chrome on windows (30f4fcb6b83ab181345e3d45cde3042e)] -> id: Password-error]
2023-12-18 00:12:353 INFO  HomePage :169 - Getting text from : [[ChromeDriver: chrome on windows (30f4fcb6b83ab181345e3d45cde3042e)] -> id: ConfirmPassword-error]
2023-12-18 00:12:400 INFO  HomePage :149 - Getting text from : [[ChromeDriver: chrome on windows (30f4fcb6b83ab181345e3d45cde3042e)] -> id: FirstName-error]
2023-12-18 00:12:452 INFO  HomePage :154 - Getting text from : [[ChromeDriver: chrome on windows (30f4fcb6b83ab181345e3d45cde3042e)] -> id: LastName-error]
2023-12-18 00:12:515 INFO  HomePage :159 - Getting text from : [[ChromeDriver: chrome on windows (30f4fcb6b83ab181345e3d45cde3042e)] -> id: Email-error]
2023-12-18 00:12:558 INFO  HomePage :164 - Getting text from : [[ChromeDriver: chrome on windows (30f4fcb6b83ab181345e3d45cde3042e)] -> id: Password-error]
2023-12-18 00:12:611 INFO  HomePage :169 - Getting text from : [[ChromeDriver: chrome on windows (30f4fcb6b83ab181345e3d45cde3042e)] -> id: ConfirmPassword-error]
2023-12-18 00:12:664 INFO  HomePage :149 - Getting text from : [[ChromeDriver: chrome on windows (30f4fcb6b83ab181345e3d45cde3042e)] -> id: FirstName-error]
2023-12-18 00:12:725 INFO  HomePage :154 - Getting text from : [[ChromeDriver: chrome on windows (30f4fcb6b83ab181345e3d45cde3042e)] -> id: LastName-error]
2023-12-18 00:12:774 INFO  HomePage :159 - Getting text from : [[ChromeDriver: chrome on windows (30f4fcb6b83ab181345e3d45cde3042e)] -> id: Email-error]
2023-12-18 00:12:821 INFO  HomePage :164 - Getting text from : [[ChromeDriver: chrome on windows (30f4fcb6b83ab181345e3d45cde3042e)] -> id: Password-error]
2023-12-18 00:12:861 INFO  HomePage :169 - Getting text from : [[ChromeDriver: chrome on windows (30f4fcb6b83ab181345e3d45cde3042e)] -> id: ConfirmPassword-error]
2023-12-18 00:12:986 INFO  LoginPage :57 - Getting text from : Proxy element for: DefaultElementLocator 'By.xpath: //div[@class='message-error validation-summary-errors']'
2023-12-18 00:12:731 INFO  HomePage :75 - Clicking on login Link : [[ChromeDriver: chrome on windows (e235313d42690022c0aa22619b4b8140)] -> link text: Log in]
2023-12-18 00:12:177 INFO  LoginPage :42 - Entering email id : [[ChromeDriver: chrome on windows (e235313d42690022c0aa22619b4b8140)] -> id: Email]
2023-12-18 00:12:771 INFO  LoginPage :47 - Entering password : [[ChromeDriver: chrome on windows (e235313d42690022c0aa22619b4b8140)] -> name: Password]
2023-12-18 00:12:493 INFO  LoginPage :52 - Clicking on login button : [[ChromeDriver: chrome on windows (e235313d42690022c0aa22619b4b8140)] -> xpath: //button[contains(text(),'Log in')]]
2023-12-18 00:12:412 INFO  LoginPage :57 - Getting text from : [[ChromeDriver: chrome on windows (e235313d42690022c0aa22619b4b8140)] -> xpath: //div[@class='message-error validation-summary-errors']]
2023-12-18 00:12:100 INFO  HomePage :75 - Clicking on login Link : [[ChromeDriver: chrome on windows (be5514ad55e25106cb7974ece9cf58d9)] -> link text: Log in]
2023-12-18 00:12:483 INFO  LoginPage :42 - Entering email id : [[ChromeDriver: chrome on windows (be5514ad55e25106cb7974ece9cf58d9)] -> id: Email]
2023-12-18 00:12:103 INFO  LoginPage :47 - Entering password : [[ChromeDriver: chrome on windows (be5514ad55e25106cb7974ece9cf58d9)] -> name: Password]
2023-12-18 00:12:355 INFO  LoginPage :52 - Clicking on login button : [[ChromeDriver: chrome on windows (be5514ad55e25106cb7974ece9cf58d9)] -> xpath: //button[contains(text(),'Log in')]]
2023-12-18 00:12:212 INFO  LoginPage :57 - Getting text from : [[ChromeDriver: chrome on windows (be5514ad55e25106cb7974ece9cf58d9)] -> xpath: //div[@class='message-error validation-summary-errors']]
2023-12-18 00:12:510 INFO  HomePage :75 - Clicking on login Link : [[ChromeDriver: chrome on windows (5da5b46fdbbfffab5b2becc4a0b19578)] -> link text: Log in]
2023-12-18 00:12:252 INFO  LoginPage :42 - Entering email id : [[ChromeDriver: chrome on windows (5da5b46fdbbfffab5b2becc4a0b19578)] -> id: Email]
2023-12-18 00:12:498 INFO  LoginPage :47 - Entering password : [[ChromeDriver: chrome on windows (5da5b46fdbbfffab5b2becc4a0b19578)] -> name: Password]
2023-12-18 00:12:825 INFO  LoginPage :52 - Clicking on login button : [[ChromeDriver: chrome on windows (5da5b46fdbbfffab5b2becc4a0b19578)] -> xpath: //button[contains(text(),'Log in')]]
2023-12-18 00:12:830 INFO  LoginPage :57 - Getting text from : [[ChromeDriver: chrome on windows (5da5b46fdbbfffab5b2becc4a0b19578)] -> xpath: //div[@class='message-error validation-summary-errors']]
2023-12-18 00:12:735 INFO  HomePage :127 - Clicking on Register Link : [[ChromeDriver: chrome on windows (52ca73195666f14d090e9a60684bb5aa)] -> link text: Register]
2023-12-18 00:12:172 INFO  HomePage :130 - Clicking on Register button : [[ChromeDriver: chrome on windows (52ca73195666f14d090e9a60684bb5aa)] -> name: register-button]
2023-12-18 00:12:720 INFO  HomePage :149 - Getting text from : [[ChromeDriver: chrome on windows (52ca73195666f14d090e9a60684bb5aa)] -> id: FirstName-error]
2023-12-18 00:12:298 INFO  HomePage :154 - Getting text from : [[ChromeDriver: chrome on windows (52ca73195666f14d090e9a60684bb5aa)] -> id: LastName-error]
2023-12-18 00:12:705 INFO  HomePage :159 - Getting text from : [[ChromeDriver: chrome on windows (52ca73195666f14d090e9a60684bb5aa)] -> id: Email-error]
2023-12-18 00:12:151 INFO  HomePage :164 - Getting text from : [[ChromeDriver: chrome on windows (52ca73195666f14d090e9a60684bb5aa)] -> id: Password-error]
2023-12-18 00:12:662 INFO  HomePage :169 - Getting text from : [[ChromeDriver: chrome on windows (52ca73195666f14d090e9a60684bb5aa)] -> id: ConfirmPassword-error]
2023-12-18 00:12:275 INFO  HomePage :149 - Getting text from : [[ChromeDriver: chrome on windows (52ca73195666f14d090e9a60684bb5aa)] -> id: FirstName-error]
2023-12-18 00:12:652 INFO  HomePage :154 - Getting text from : [[ChromeDriver: chrome on windows (52ca73195666f14d090e9a60684bb5aa)] -> id: LastName-error]
2023-12-18 00:12:154 INFO  HomePage :159 - Getting text from : [[ChromeDriver: chrome on windows (52ca73195666f14d090e9a60684bb5aa)] -> id: Email-error]
2023-12-18 00:12:632 INFO  HomePage :164 - Getting text from : [[ChromeDriver: chrome on windows (52ca73195666f14d090e9a60684bb5aa)] -> id: Password-error]
2023-12-18 00:12:55 INFO  HomePage :169 - Getting text from : [[ChromeDriver: chrome on windows (52ca73195666f14d090e9a60684bb5aa)] -> id: ConfirmPassword-error]
2023-12-18 00:12:469 INFO  HomePage :149 - Getting text from : [[ChromeDriver: chrome on windows (52ca73195666f14d090e9a60684bb5aa)] -> id: FirstName-error]
2023-12-18 00:12:984 INFO  HomePage :154 - Getting text from : [[ChromeDriver: chrome on windows (52ca73195666f14d090e9a60684bb5aa)] -> id: LastName-error]
2023-12-18 00:12:659 INFO  HomePage :159 - Getting text from : [[ChromeDriver: chrome on windows (52ca73195666f14d090e9a60684bb5aa)] -> id: Email-error]
2023-12-18 00:12:50 INFO  HomePage :164 - Getting text from : [[ChromeDriver: chrome on windows (52ca73195666f14d090e9a60684bb5aa)] -> id: Password-error]
2023-12-18 00:12:555 INFO  HomePage :169 - Getting text from : [[ChromeDriver: chrome on windows (52ca73195666f14d090e9a60684bb5aa)] -> id: ConfirmPassword-error]
2023-12-18 00:12:83 INFO  HomePage :149 - Getting text from : [[ChromeDriver: chrome on windows (52ca73195666f14d090e9a60684bb5aa)] -> id: FirstName-error]
2023-12-18 00:12:413 INFO  HomePage :154 - Getting text from : [[ChromeDriver: chrome on windows (52ca73195666f14d090e9a60684bb5aa)] -> id: LastName-error]
2023-12-18 00:12:766 INFO  HomePage :159 - Getting text from : [[ChromeDriver: chrome on windows (52ca73195666f14d090e9a60684bb5aa)] -> id: Email-error]
2023-12-18 00:12:58 INFO  HomePage :164 - Getting text from : [[ChromeDriver: chrome on windows (52ca73195666f14d090e9a60684bb5aa)] -> id: Password-error]
2023-12-18 00:12:375 INFO  HomePage :169 - Getting text from : [[ChromeDriver: chrome on windows (52ca73195666f14d090e9a60684bb5aa)] -> id: ConfirmPassword-error]
2023-12-18 00:12:00 INFO  LoginPage :57 - Getting text from : Proxy element for: DefaultElementLocator 'By.xpath: //div[@class='message-error validation-summary-errors']'
2023-12-18 00:12:856 INFO  HomePage :127 - Clicking on Register Link : [[ChromeDriver: chrome on windows (aa633f4ba29673b8d5e0739ee654a011)] -> link text: Register]
2023-12-18 00:12:845 INFO  HomePage :83 - Select gender :[[ChromeDriver: chrome on windows (aa633f4ba29673b8d5e0739ee654a011)] -> xpath: //div[@id='gender']//label]radio button<br>
2023-12-18 00:12:412 INFO  HomePage :90 - Enter Firstname : '[[ChromeDriver: chrome on windows (aa633f4ba29673b8d5e0739ee654a011)] -> id: FirstName]
2023-12-18 00:12:176 INFO  HomePage :95 - Enter Firstname : '[[ChromeDriver: chrome on windows (aa633f4ba29673b8d5e0739ee654a011)] -> id: LastName]
2023-12-18 00:12:911 INFO  HomePage :100 - Select date from dropDown : [[ChromeDriver: chrome on windows (aa633f4ba29673b8d5e0739ee654a011)] -> name: DateOfBirthDay]
2023-12-18 00:12:946 INFO  HomePage :105 - Select month from dropDown : [[ChromeDriver: chrome on windows (aa633f4ba29673b8d5e0739ee654a011)] -> name: DateOfBirthMonth]
2023-12-18 00:12:745 INFO  HomePage :110 - Select year from dropDown : [[ChromeDriver: chrome on windows (aa633f4ba29673b8d5e0739ee654a011)] -> name: DateOfBirthYear]
2023-12-18 00:12:603 INFO  HomePage :115 - Enter email into : [[ChromeDriver: chrome on windows (aa633f4ba29673b8d5e0739ee654a011)] -> id: Email]
2023-12-18 00:12:410 INFO  HomePage :120 - Enter password into : [[ChromeDriver: chrome on windows (aa633f4ba29673b8d5e0739ee654a011)] -> id: Password]
2023-12-18 00:12:164 INFO  HomePage :125 - Enter Confirm password into : [[ChromeDriver: chrome on windows (aa633f4ba29673b8d5e0739ee654a011)] -> id: ConfirmPassword]
2023-12-18 00:12:842 INFO  HomePage :130 - Clicking on Register button : [[ChromeDriver: chrome on windows (aa633f4ba29673b8d5e0739ee654a011)] -> name: register-button]
2023-12-18 00:12:88 INFO  HomePage :127 - Clicking on Register Link : [[ChromeDriver: chrome on windows (0d0480aba8f500a9bd40df91802fbb21)] -> link text: Register]
2023-12-18 00:12:232 INFO  HomePage :83 - Select gender :[[ChromeDriver: chrome on windows (0d0480aba8f500a9bd40df91802fbb21)] -> xpath: //div[@id='gender']//label]radio button<br>
2023-12-18 00:12:791 INFO  HomePage :90 - Enter Firstname : '[[ChromeDriver: chrome on windows (0d0480aba8f500a9bd40df91802fbb21)] -> id: FirstName]
2023-12-18 00:12:556 INFO  HomePage :95 - Enter Firstname : '[[ChromeDriver: chrome on windows (0d0480aba8f500a9bd40df91802fbb21)] -> id: LastName]
2023-12-18 00:12:280 INFO  HomePage :100 - Select date from dropDown : [[ChromeDriver: chrome on windows (0d0480aba8f500a9bd40df91802fbb21)] -> name: DateOfBirthDay]
2023-12-18 00:12:306 INFO  HomePage :105 - Select month from dropDown : [[ChromeDriver: chrome on windows (0d0480aba8f500a9bd40df91802fbb21)] -> name: DateOfBirthMonth]
2023-12-18 00:12:211 INFO  HomePage :110 - Select year from dropDown : [[ChromeDriver: chrome on windows (0d0480aba8f500a9bd40df91802fbb21)] -> name: DateOfBirthYear]
2023-12-18 00:12:998 INFO  HomePage :115 - Enter email into : [[ChromeDriver: chrome on windows (0d0480aba8f500a9bd40df91802fbb21)] -> id: Email]
2023-12-18 00:12:867 INFO  HomePage :120 - Enter password into : [[ChromeDriver: chrome on windows (0d0480aba8f500a9bd40df91802fbb21)] -> id: Password]
2023-12-18 00:12:596 INFO  HomePage :125 - Enter Confirm password into : [[ChromeDriver: chrome on windows (0d0480aba8f500a9bd40df91802fbb21)] -> id: ConfirmPassword]
2023-12-18 00:12:295 INFO  HomePage :130 - Clicking on Register button : [[ChromeDriver: chrome on windows (0d0480aba8f500a9bd40df91802fbb21)] -> name: register-button]
2023-12-18 00:12:68 INFO  HomePage :127 - Clicking on Register Link : [[ChromeDriver: chrome on windows (aa8d84c4564b766746c53df9f474e01b)] -> link text: Register]
2023-12-18 00:12:173 INFO  HomePage :83 - Select gender :[[ChromeDriver: chrome on windows (aa8d84c4564b766746c53df9f474e01b)] -> xpath: //div[@id='gender']//label]radio button<br>
2023-12-18 00:12:292 INFO  HomePage :90 - Enter Firstname : '[[ChromeDriver: chrome on windows (aa8d84c4564b766746c53df9f474e01b)] -> id: FirstName]
2023-12-18 00:12:460 INFO  HomePage :95 - Enter Firstname : '[[ChromeDriver: chrome on windows (aa8d84c4564b766746c53df9f474e01b)] -> id: LastName]
2023-12-18 00:12:597 INFO  HomePage :100 - Select date from dropDown : [[ChromeDriver: chrome on windows (aa8d84c4564b766746c53df9f474e01b)] -> name: DateOfBirthDay]
2023-12-18 00:12:779 INFO  HomePage :105 - Select month from dropDown : [[ChromeDriver: chrome on windows (aa8d84c4564b766746c53df9f474e01b)] -> name: DateOfBirthMonth]
2023-12-18 00:12:965 INFO  HomePage :110 - Select year from dropDown : [[ChromeDriver: chrome on windows (aa8d84c4564b766746c53df9f474e01b)] -> name: DateOfBirthYear]
2023-12-18 00:12:143 INFO  HomePage :115 - Enter email into : [[ChromeDriver: chrome on windows (aa8d84c4564b766746c53df9f474e01b)] -> id: Email]
2023-12-18 00:12:302 INFO  HomePage :120 - Enter password into : [[ChromeDriver: chrome on windows (aa8d84c4564b766746c53df9f474e01b)] -> id: Password]
2023-12-18 00:12:439 INFO  HomePage :125 - Enter Confirm password into : [[ChromeDriver: chrome on windows (aa8d84c4564b766746c53df9f474e01b)] -> id: ConfirmPassword]
2023-12-18 00:12:581 INFO  HomePage :130 - Clicking on Register button : [[ChromeDriver: chrome on windows (aa8d84c4564b766746c53df9f474e01b)] -> name: register-button]
2023-12-18 00:12:77 INFO  HomePage :127 - Clicking on Register Link : [[ChromeDriver: chrome on windows (8e7f811478091edfd9e223ea5e3ffdd1)] -> link text: Register]
2023-12-18 00:12:339 INFO  HomePage :130 - Clicking on Register button : [[ChromeDriver: chrome on windows (8e7f811478091edfd9e223ea5e3ffdd1)] -> name: register-button]
2023-12-18 00:12:791 INFO  HomePage :127 - Clicking on Register Link : [[ChromeDriver: chrome on windows (dcb6f25e2bc981ef822c341beb32d107)] -> link text: Register]
2023-12-18 00:12:418 INFO  HomePage :130 - Clicking on Register button : [[ChromeDriver: chrome on windows (dcb6f25e2bc981ef822c341beb32d107)] -> name: register-button]
2023-12-18 01:12:107 INFO  HomePage :130 - Clicking on Register button : Proxy element for: DefaultElementLocator 'By.name: register-button'
2023-12-18 01:12:809 INFO  HomePage :127 - Clicking on Register Link : [[ChromeDriver: chrome on windows (0910b00adadcf5decc04d50e67fd1c88)] -> link text: Register]
2023-12-18 01:12:27 INFO  HomePage :127 - Clicking on Register Link : [[ChromeDriver: chrome on windows (36281d650f64c363e1e894d920e5450c)] -> link text: Register]
2023-12-18 01:12:169 INFO  HomePage :130 - Clicking on Register button : [[ChromeDriver: chrome on windows (36281d650f64c363e1e894d920e5450c)] -> name: register-button]
2023-12-18 01:12:144 INFO  HomePage :127 - Clicking on Register Link : [[ChromeDriver: chrome on windows (dab73c8cb312d3ec600760fe6647cd2a)] -> link text: Register]
2023-12-18 01:12:450 INFO  HomePage :130 - Clicking on Register button : [[ChromeDriver: chrome on windows (dab73c8cb312d3ec600760fe6647cd2a)] -> name: register-button]
2023-12-18 01:12:375 INFO  HomePage :127 - Clicking on Register Link : [[ChromeDriver: chrome on windows (862eea12399e46da838f28b33e12415b)] -> link text: Register]
2023-12-18 01:12:129 INFO  HomePage :127 - Clicking on Register Link : [[ChromeDriver: chrome on windows (6e40653df6ea2102b1804fddedfb9e96)] -> link text: Register]
2023-12-18 01:12:11 INFO  HomePage :127 - Clicking on Register Link : [[ChromeDriver: chrome on windows (5416b28c99116a134583f0bf7225275b)] -> link text: Register]
2023-12-18 01:12:324 INFO  HomePage :127 - Clicking on Register Link : [[ChromeDriver: chrome on windows (1d2b678ffd6e38a8134048abe4dbc62e)] -> link text: Register]
2023-12-18 01:12:866 INFO  HomePage :127 - Clicking on Register Link : [[ChromeDriver: chrome on windows (89eb1c85cfbd83d4765ed9c84c47a367)] -> link text: Register]
2023-12-18 10:12:410 INFO  HomePage :77 - Clicking on Register Link : [[ChromeDriver: chrome on windows (b0267f4bb14a137dc8e51f48a736dd88)] -> link text: Register]
2023-12-18 10:12:345 INFO  HomePage :77 - Clicking on Register Link : [[ChromeDriver: chrome on windows (ce400406ac9a4e7f47775b83e3b47ebe)] -> link text: Register]
2023-12-18 10:12:220 INFO  HomePage :77 - Clicking on Register Link : [[ChromeDriver: chrome on windows (dd869f7d6ee9085554bd1d486a0b89fd)] -> link text: Register]
2023-12-18 10:12:94 INFO  HomePage :72 - Clicking on Computers : [[ChromeDriver: chrome on windows (7fce86f0b762f878f03c2f474628849b)] -> xpath: //ul[@class='top-menu notmobile']//a[normalize-space()='Computers']]
2023-12-18 10:12:979 INFO  HomePage :28 - Clicking on Desktops : [[ChromeDriver: chrome on windows (7fce86f0b762f878f03c2f474628849b)] -> xpath: //li[@class='inactive']//a[normalize-space()='Desktops']]
2023-12-18 10:12:783 INFO  HomePage :34 - Getting text from : [[ChromeDriver: chrome on windows (7fce86f0b762f878f03c2f474628849b)] -> xpath: //select[@id='products-orderby']]
2023-12-18 10:12:219 INFO  HomePage :53 - Clicking on login Link : [[ChromeDriver: chrome on windows (6fe40b12133d286d3c05737bb1790087)] -> link text: Log in]
2023-12-18 10:12:210 INFO  LoginPage :42 - Entering email id : [[ChromeDriver: chrome on windows (6fe40b12133d286d3c05737bb1790087)] -> id: Email]
2023-12-18 10:12:363 INFO  LoginPage :47 - Entering password : [[ChromeDriver: chrome on windows (6fe40b12133d286d3c05737bb1790087)] -> name: Password]
2023-12-18 10:12:490 INFO  LoginPage :52 - Clicking on login button : [[ChromeDriver: chrome on windows (6fe40b12133d286d3c05737bb1790087)] -> xpath: //button[contains(text(),'Log in')]]
2023-12-18 10:12:973 INFO  LoginPage :37 - Getting text from : [[ChromeDriver: chrome on windows (6fe40b12133d286d3c05737bb1790087)] -> xpath: //h1[contains(text(),'Welcome, Please Sign In!')]]
2023-12-18 10:12:821 INFO  HomePage :77 - Clicking on Register Link : [[ChromeDriver: chrome on windows (6009fe3f15e1d76873e2bcfc404c4169)] -> link text: Register]
2023-12-18 10:12:996 INFO  HomePage :130 - Clicking on Register button : [[ChromeDriver: chrome on windows (6009fe3f15e1d76873e2bcfc404c4169)] -> name: register-button]
2023-12-18 10:12:685 INFO  HomePage :72 - Clicking on Computers : [[ChromeDriver: chrome on windows (dd7b4f0557ef1e3b441d126482c72573)] -> xpath: //ul[@class='top-menu notmobile']//a[normalize-space()='Computers']]
2023-12-18 10:12:452 INFO  HomePage :28 - Clicking on Desktops : [[ChromeDriver: chrome on windows (dd7b4f0557ef1e3b441d126482c72573)] -> xpath: //li[@class='inactive']//a[normalize-space()='Desktops']]
2023-12-18 10:12:74 INFO  HomePage :34 - Getting text from : [[ChromeDriver: chrome on windows (dd7b4f0557ef1e3b441d126482c72573)] -> xpath: //h1[contains(text(),'Desktops')]]
2023-12-18 10:12:133 INFO  HomePage :53 - Clicking on Build Your Own Computer : [[ChromeDriver: chrome on windows (dd7b4f0557ef1e3b441d126482c72573)] -> xpath: //h2[@class='product-title']//a[normalize-space()='Build your own computer']]
2023-12-18 10:12:758 INFO  HomePage :54 - Select Processor from dropdown : [[ChromeDriver: chrome on windows (dd7b4f0557ef1e3b441d126482c72573)] -> id: product_attribute_1]
2023-12-18 10:12:993 INFO  HomePage :59 - Select RAM from dropdown : [[ChromeDriver: chrome on windows (dd7b4f0557ef1e3b441d126482c72573)] -> id: product_attribute_2]
2023-12-18 10:12:229 INFO  HomePage :95 - Clicking on Add to Cart : [[ChromeDriver: chrome on windows (dd7b4f0557ef1e3b441d126482c72573)] -> id: add-to-cart-button-1]
2023-12-18 10:12:510 INFO  HomePage :100 - Get productAdded Message : Please select HDD
2023-12-18 10:12:426 INFO  HomePage :72 - Clicking on Computers : [[ChromeDriver: chrome on windows (ec663b667f9aafa24d24db3489de2ba0)] -> xpath: //ul[@class='top-menu notmobile']//a[normalize-space()='Computers']]
2023-12-18 10:12:442 INFO  HomePage :28 - Clicking on Desktops : [[ChromeDriver: chrome on windows (ec663b667f9aafa24d24db3489de2ba0)] -> xpath: //li[@class='inactive']//a[normalize-space()='Desktops']]
2023-12-18 10:12:23 INFO  HomePage :34 - Getting text from : [[ChromeDriver: chrome on windows (ec663b667f9aafa24d24db3489de2ba0)] -> xpath: //h1[contains(text(),'Desktops')]]
2023-12-18 10:12:72 INFO  HomePage :53 - Clicking on Build Your Own Computer : [[ChromeDriver: chrome on windows (ec663b667f9aafa24d24db3489de2ba0)] -> xpath: //h2[@class='product-title']//a[normalize-space()='Build your own computer']]
2023-12-18 10:12:656 INFO  HomePage :54 - Select Processor from dropdown : [[ChromeDriver: chrome on windows (ec663b667f9aafa24d24db3489de2ba0)] -> id: product_attribute_1]
2023-12-18 10:12:762 INFO  HomePage :59 - Select RAM from dropdown : [[ChromeDriver: chrome on windows (ec663b667f9aafa24d24db3489de2ba0)] -> id: product_attribute_2]
2023-12-18 10:12:14 INFO  HomePage :95 - Clicking on Add to Cart : [[ChromeDriver: chrome on windows (ec663b667f9aafa24d24db3489de2ba0)] -> id: add-to-cart-button-1]
2023-12-18 10:12:300 INFO  HomePage :100 - Get productAdded Message : Please select HDD
2023-12-18 10:12:524 INFO  HomePage :72 - Clicking on Computers : [[ChromeDriver: chrome on windows (30def01f886bc1b551bf5fef8dddf52b)] -> xpath: //ul[@class='top-menu notmobile']//a[normalize-space()='Computers']]
2023-12-18 10:12:498 INFO  HomePage :28 - Clicking on Desktops : [[ChromeDriver: chrome on windows (30def01f886bc1b551bf5fef8dddf52b)] -> xpath: //li[@class='inactive']//a[normalize-space()='Desktops']]
2023-12-18 10:12:127 INFO  HomePage :34 - Getting text from : [[ChromeDriver: chrome on windows (30def01f886bc1b551bf5fef8dddf52b)] -> xpath: //h1[contains(text(),'Desktops')]]
2023-12-18 10:12:184 INFO  HomePage :53 - Clicking on Build Your Own Computer : [[ChromeDriver: chrome on windows (30def01f886bc1b551bf5fef8dddf52b)] -> xpath: //h2[@class='product-title']//a[normalize-space()='Build your own computer']]
2023-12-18 10:12:800 INFO  HomePage :54 - Select Processor from dropdown : [[ChromeDriver: chrome on windows (30def01f886bc1b551bf5fef8dddf52b)] -> id: product_attribute_1]
2023-12-18 10:12:912 INFO  HomePage :59 - Select RAM from dropdown : [[ChromeDriver: chrome on windows (30def01f886bc1b551bf5fef8dddf52b)] -> id: product_attribute_2]
2023-12-18 10:12:214 INFO  HomePage :95 - Clicking on Add to Cart : [[ChromeDriver: chrome on windows (30def01f886bc1b551bf5fef8dddf52b)] -> id: add-to-cart-button-1]
2023-12-18 10:12:525 INFO  HomePage :100 - Get productAdded Message : Please select HDD
2023-12-18 10:12:305 INFO  HomePage :53 - Clicking on login Link : [[ChromeDriver: chrome on windows (ba2cf8384f72ebc5351738ea28f511e1)] -> link text: Log in]
2023-12-18 10:12:274 INFO  LoginPage :42 - Entering email id : [[ChromeDriver: chrome on windows (ba2cf8384f72ebc5351738ea28f511e1)] -> id: Email]
2023-12-18 10:12:395 INFO  LoginPage :47 - Entering password : [[ChromeDriver: chrome on windows (ba2cf8384f72ebc5351738ea28f511e1)] -> name: Password]
2023-12-18 10:12:498 INFO  LoginPage :52 - Clicking on login button : [[ChromeDriver: chrome on windows (ba2cf8384f72ebc5351738ea28f511e1)] -> xpath: //button[contains(text(),'Log in')]]
2023-12-18 10:12:928 INFO  LoginPage :57 - Getting text from : [[ChromeDriver: chrome on windows (ba2cf8384f72ebc5351738ea28f511e1)] -> xpath: //div[@class='message-error validation-summary-errors']]
2023-12-18 10:12:302 INFO  HomePage :53 - Clicking on login Link : [[ChromeDriver: chrome on windows (ca7baba543775d8f5c76009f226f5ada)] -> link text: Log in]
2023-12-18 10:12:277 INFO  LoginPage :42 - Entering email id : [[ChromeDriver: chrome on windows (ca7baba543775d8f5c76009f226f5ada)] -> id: Email]
2023-12-18 10:12:393 INFO  LoginPage :47 - Entering password : [[ChromeDriver: chrome on windows (ca7baba543775d8f5c76009f226f5ada)] -> name: Password]
2023-12-18 10:12:510 INFO  LoginPage :52 - Clicking on login button : [[ChromeDriver: chrome on windows (ca7baba543775d8f5c76009f226f5ada)] -> xpath: //button[contains(text(),'Log in')]]
2023-12-18 10:12:892 INFO  LoginPage :57 - Getting text from : [[ChromeDriver: chrome on windows (ca7baba543775d8f5c76009f226f5ada)] -> xpath: //div[@class='message-error validation-summary-errors']]
2023-12-18 10:12:418 INFO  HomePage :53 - Clicking on login Link : [[ChromeDriver: chrome on windows (bddcc6e6ebee48c146c24a0802380089)] -> link text: Log in]
2023-12-18 10:12:422 INFO  LoginPage :42 - Entering email id : [[ChromeDriver: chrome on windows (bddcc6e6ebee48c146c24a0802380089)] -> id: Email]
2023-12-18 10:12:550 INFO  LoginPage :47 - Entering password : [[ChromeDriver: chrome on windows (bddcc6e6ebee48c146c24a0802380089)] -> name: Password]
2023-12-18 10:12:664 INFO  LoginPage :52 - Clicking on login button : [[ChromeDriver: chrome on windows (bddcc6e6ebee48c146c24a0802380089)] -> xpath: //button[contains(text(),'Log in')]]
2023-12-18 10:12:91 INFO  LoginPage :57 - Getting text from : [[ChromeDriver: chrome on windows (bddcc6e6ebee48c146c24a0802380089)] -> xpath: //div[@class='message-error validation-summary-errors']]
2023-12-18 10:12:788 INFO  HomePage :53 - Clicking on login Link : [[ChromeDriver: chrome on windows (6649171f2ee41ab48fbfb84554bd08dd)] -> link text: Log in]
2023-12-18 10:12:760 INFO  LoginPage :42 - Entering email id : [[ChromeDriver: chrome on windows (6649171f2ee41ab48fbfb84554bd08dd)] -> id: Email]
2023-12-18 10:12:869 INFO  LoginPage :47 - Entering password : [[ChromeDriver: chrome on windows (6649171f2ee41ab48fbfb84554bd08dd)] -> name: Password]
2023-12-18 10:12:999 INFO  LoginPage :52 - Clicking on login button : [[ChromeDriver: chrome on windows (6649171f2ee41ab48fbfb84554bd08dd)] -> xpath: //button[contains(text(),'Log in')]]
2023-12-18 10:12:107 INFO  HomePage :63 - Clicking on log out Link : Proxy element for: DefaultElementLocator 'By.xpath: //a[normalize-space()='Log out']'
2023-12-18 10:12:203 INFO  HomePage :77 - Clicking on Register Link : [[ChromeDriver: chrome on windows (8876f6e3cb242e5029d52875bda67ecb)] -> link text: Register]
2023-12-18 10:12:227 INFO  HomePage :83 - Select gender :[[ChromeDriver: chrome on windows (8876f6e3cb242e5029d52875bda67ecb)] -> xpath: //div[@id='gender']//label]radio button<br>
2023-12-18 10:12:317 INFO  HomePage :90 - Enter Firstname : '[[ChromeDriver: chrome on windows (8876f6e3cb242e5029d52875bda67ecb)] -> id: FirstName]
2023-12-18 10:12:433 INFO  HomePage :95 - Enter Firstname : '[[ChromeDriver: chrome on windows (8876f6e3cb242e5029d52875bda67ecb)] -> id: LastName]
2023-12-18 10:12:555 INFO  HomePage :100 - Select date from dropDown : [[ChromeDriver: chrome on windows (8876f6e3cb242e5029d52875bda67ecb)] -> name: DateOfBirthDay]
2023-12-18 10:12:695 INFO  HomePage :105 - Select month from dropDown : [[ChromeDriver: chrome on windows (8876f6e3cb242e5029d52875bda67ecb)] -> name: DateOfBirthMonth]
2023-12-18 10:12:815 INFO  HomePage :110 - Select year from dropDown : [[ChromeDriver: chrome on windows (8876f6e3cb242e5029d52875bda67ecb)] -> name: DateOfBirthYear]
2023-12-18 10:12:926 INFO  HomePage :115 - Enter email into : [[ChromeDriver: chrome on windows (8876f6e3cb242e5029d52875bda67ecb)] -> id: Email]
2023-12-18 10:12:37 INFO  HomePage :120 - Enter password into : [[ChromeDriver: chrome on windows (8876f6e3cb242e5029d52875bda67ecb)] -> id: Password]
2023-12-18 10:12:126 INFO  HomePage :125 - Enter Confirm password into : [[ChromeDriver: chrome on windows (8876f6e3cb242e5029d52875bda67ecb)] -> id: ConfirmPassword]
2023-12-18 10:12:216 INFO  HomePage :130 - Clicking on Register button : [[ChromeDriver: chrome on windows (8876f6e3cb242e5029d52875bda67ecb)] -> name: register-button]
2023-12-18 10:12:950 INFO  HomePage :77 - Clicking on Register Link : [[ChromeDriver: chrome on windows (59aa81b7e08be1f7909dae2cd695ec07)] -> link text: Register]
2023-12-18 10:12:942 INFO  HomePage :83 - Select gender :[[ChromeDriver: chrome on windows (59aa81b7e08be1f7909dae2cd695ec07)] -> xpath: //div[@id='gender']//label]radio button<br>
2023-12-18 10:12:27 INFO  HomePage :90 - Enter Firstname : '[[ChromeDriver: chrome on windows (59aa81b7e08be1f7909dae2cd695ec07)] -> id: FirstName]
2023-12-18 10:12:136 INFO  HomePage :95 - Enter Firstname : '[[ChromeDriver: chrome on windows (59aa81b7e08be1f7909dae2cd695ec07)] -> id: LastName]
2023-12-18 10:12:234 INFO  HomePage :100 - Select date from dropDown : [[ChromeDriver: chrome on windows (59aa81b7e08be1f7909dae2cd695ec07)] -> name: DateOfBirthDay]
2023-12-18 10:12:381 INFO  HomePage :105 - Select month from dropDown : [[ChromeDriver: chrome on windows (59aa81b7e08be1f7909dae2cd695ec07)] -> name: DateOfBirthMonth]
2023-12-18 10:12:504 INFO  HomePage :110 - Select year from dropDown : [[ChromeDriver: chrome on windows (59aa81b7e08be1f7909dae2cd695ec07)] -> name: DateOfBirthYear]
2023-12-18 10:12:602 INFO  HomePage :115 - Enter email into : [[ChromeDriver: chrome on windows (59aa81b7e08be1f7909dae2cd695ec07)] -> id: Email]
2023-12-18 10:12:699 INFO  HomePage :120 - Enter password into : [[ChromeDriver: chrome on windows (59aa81b7e08be1f7909dae2cd695ec07)] -> id: Password]
2023-12-18 10:12:785 INFO  HomePage :125 - Enter Confirm password into : [[ChromeDriver: chrome on windows (59aa81b7e08be1f7909dae2cd695ec07)] -> id: ConfirmPassword]
2023-12-18 10:12:874 INFO  HomePage :130 - Clicking on Register button : [[ChromeDriver: chrome on windows (59aa81b7e08be1f7909dae2cd695ec07)] -> name: register-button]
2023-12-18 10:12:627 INFO  HomePage :77 - Clicking on Register Link : [[ChromeDriver: chrome on windows (ad580d08a180eba12e8eeb5490c75188)] -> link text: Register]
2023-12-18 10:12:240 INFO  HomePage :83 - Select gender :[[ChromeDriver: chrome on windows (ad580d08a180eba12e8eeb5490c75188)] -> xpath: //div[@id='gender']//label]radio button<br>
2023-12-18 10:12:404 INFO  HomePage :90 - Enter Firstname : '[[ChromeDriver: chrome on windows (ad580d08a180eba12e8eeb5490c75188)] -> id: FirstName]
2023-12-18 10:12:521 INFO  HomePage :95 - Enter Firstname : '[[ChromeDriver: chrome on windows (ad580d08a180eba12e8eeb5490c75188)] -> id: LastName]
2023-12-18 10:12:626 INFO  HomePage :100 - Select date from dropDown : [[ChromeDriver: chrome on windows (ad580d08a180eba12e8eeb5490c75188)] -> name: DateOfBirthDay]
2023-12-18 10:12:762 INFO  HomePage :105 - Select month from dropDown : [[ChromeDriver: chrome on windows (ad580d08a180eba12e8eeb5490c75188)] -> name: DateOfBirthMonth]
2023-12-18 10:12:881 INFO  HomePage :110 - Select year from dropDown : [[ChromeDriver: chrome on windows (ad580d08a180eba12e8eeb5490c75188)] -> name: DateOfBirthYear]
2023-12-18 10:12:994 INFO  HomePage :115 - Enter email into : [[ChromeDriver: chrome on windows (ad580d08a180eba12e8eeb5490c75188)] -> id: Email]
2023-12-18 10:12:98 INFO  HomePage :120 - Enter password into : [[ChromeDriver: chrome on windows (ad580d08a180eba12e8eeb5490c75188)] -> id: Password]
2023-12-18 10:12:184 INFO  HomePage :125 - Enter Confirm password into : [[ChromeDriver: chrome on windows (ad580d08a180eba12e8eeb5490c75188)] -> id: ConfirmPassword]
2023-12-18 10:12:275 INFO  HomePage :130 - Clicking on Register button : [[ChromeDriver: chrome on windows (ad580d08a180eba12e8eeb5490c75188)] -> name: register-button]
2023-12-18 10:12:757 INFO  HomePage :72 - Clicking on Computers : [[ChromeDriver: chrome on windows (a64e1528686590d67944c683333e1dc7)] -> xpath: //ul[@class='top-menu notmobile']//a[normalize-space()='Computers']]
2023-12-18 10:12:70 INFO  HomePage :28 - Clicking on Desktops : [[ChromeDriver: chrome on windows (a64e1528686590d67944c683333e1dc7)] -> xpath: //li[@class='inactive']//a[normalize-space()='Desktops']]
2023-12-18 10:12:902 INFO  HomePage :34 - Getting text from : [[ChromeDriver: chrome on windows (a64e1528686590d67944c683333e1dc7)] -> xpath: //h1[contains(text(),'Desktops')]]
2023-12-18 10:12:960 INFO  HomePage :53 - Clicking on Build Your Own Computer : [[ChromeDriver: chrome on windows (a64e1528686590d67944c683333e1dc7)] -> xpath: //h2[@class='product-title']//a[normalize-space()='Build your own computer']]
2023-12-18 10:12:479 INFO  HomePage :54 - Select Processor from dropdown : [[ChromeDriver: chrome on windows (a64e1528686590d67944c683333e1dc7)] -> id: product_attribute_1]
2023-12-18 10:12:675 INFO  HomePage :59 - Select RAM from dropdown : [[ChromeDriver: chrome on windows (a64e1528686590d67944c683333e1dc7)] -> id: product_attribute_2]
2023-12-18 10:12:946 INFO  HomePage :95 - Clicking on Add to Cart : [[ChromeDriver: chrome on windows (a64e1528686590d67944c683333e1dc7)] -> id: add-to-cart-button-1]
2023-12-18 10:12:706 INFO  HomePage :100 - Get productAdded Message : Please select HDD
2023-12-18 10:12:344 INFO  HomePage :72 - Clicking on Computers : [[ChromeDriver: chrome on windows (243132eacae86a5e713cae084b10fabc)] -> xpath: //ul[@class='top-menu notmobile']//a[normalize-space()='Computers']]
2023-12-18 10:12:544 INFO  HomePage :28 - Clicking on Desktops : [[ChromeDriver: chrome on windows (243132eacae86a5e713cae084b10fabc)] -> xpath: //li[@class='inactive']//a[normalize-space()='Desktops']]
2023-12-18 10:12:937 INFO  HomePage :34 - Getting text from : [[ChromeDriver: chrome on windows (243132eacae86a5e713cae084b10fabc)] -> xpath: //h1[contains(text(),'Desktops')]]
2023-12-18 10:12:983 INFO  HomePage :53 - Clicking on Build Your Own Computer : [[ChromeDriver: chrome on windows (243132eacae86a5e713cae084b10fabc)] -> xpath: //h2[@class='product-title']//a[normalize-space()='Build your own computer']]
2023-12-18 10:12:719 INFO  HomePage :54 - Select Processor from dropdown : [[ChromeDriver: chrome on windows (243132eacae86a5e713cae084b10fabc)] -> id: product_attribute_1]
2023-12-18 10:12:825 INFO  HomePage :59 - Select RAM from dropdown : [[ChromeDriver: chrome on windows (243132eacae86a5e713cae084b10fabc)] -> id: product_attribute_2]
2023-12-18 10:12:68 INFO  HomePage :95 - Clicking on Add to Cart : [[ChromeDriver: chrome on windows (243132eacae86a5e713cae084b10fabc)] -> id: add-to-cart-button-1]
2023-12-18 10:12:895 INFO  HomePage :100 - Get productAdded Message : Please select HDD
2023-12-18 10:12:559 INFO  HomePage :72 - Clicking on Computers : [[ChromeDriver: chrome on windows (28f40face8899ed2b54067bfae6a882f)] -> xpath: //ul[@class='top-menu notmobile']//a[normalize-space()='Computers']]
2023-12-18 10:12:958 INFO  HomePage :28 - Clicking on Desktops : [[ChromeDriver: chrome on windows (28f40face8899ed2b54067bfae6a882f)] -> xpath: //li[@class='inactive']//a[normalize-space()='Desktops']]
2023-12-18 10:12:287 INFO  HomePage :34 - Getting text from : [[ChromeDriver: chrome on windows (28f40face8899ed2b54067bfae6a882f)] -> xpath: //h1[contains(text(),'Desktops')]]
2023-12-18 10:12:335 INFO  HomePage :53 - Clicking on Build Your Own Computer : [[ChromeDriver: chrome on windows (28f40face8899ed2b54067bfae6a882f)] -> xpath: //h2[@class='product-title']//a[normalize-space()='Build your own computer']]
2023-12-18 10:12:717 INFO  HomePage :54 - Select Processor from dropdown : [[ChromeDriver: chrome on windows (28f40face8899ed2b54067bfae6a882f)] -> id: product_attribute_1]
2023-12-18 10:12:828 INFO  HomePage :59 - Select RAM from dropdown : [[ChromeDriver: chrome on windows (28f40face8899ed2b54067bfae6a882f)] -> id: product_attribute_2]
2023-12-18 10:12:93 INFO  HomePage :95 - Clicking on Add to Cart : [[ChromeDriver: chrome on windows (28f40face8899ed2b54067bfae6a882f)] -> id: add-to-cart-button-1]
2023-12-18 10:12:58 INFO  HomePage :100 - Get productAdded Message : Please select HDD
2023-12-19 22:12:756 INFO  HomePage :72 - Clicking on Computers : Proxy element for: DefaultElementLocator 'By.xpath: //ul[@class='top-menu notmobile']//a[normalize-space()='Computers']'
2023-12-19 22:12:407 INFO  HomePage :53 - Clicking on login Link : Proxy element for: DefaultElementLocator 'By.linkText: Log in'
2023-12-19 22:12:914 INFO  HomePage :77 - Clicking on Register Link : Proxy element for: DefaultElementLocator 'By.linkText: Register'
2023-12-19 22:12:241 INFO  HomePage :72 - Clicking on Computers : [[ChromeDriver: chrome on windows (6fdce48f5c91396e59a50cbc991ef5ef)] -> xpath: //ul[@class='top-menu notmobile']//a[normalize-space()='Computers']]
2023-12-19 22:12:953 INFO  HomePage :40 - Getting text from : [[ChromeDriver: chrome on windows (6fdce48f5c91396e59a50cbc991ef5ef)] -> xpath: //h1[normalize-space()='Computers']]
2023-12-19 22:12:198 INFO  HomePage :53 - Clicking on login Link : [[ChromeDriver: chrome on windows (1018015b0591ef21a36b18153c5d3437)] -> link text: Log in]
2023-12-19 22:12:250 INFO  LoginPage :37 - Getting text from : [[ChromeDriver: chrome on windows (1018015b0591ef21a36b18153c5d3437)] -> xpath: //h1[contains(text(),'Welcome, Please Sign In!')]]
2023-12-19 22:12:285 INFO  HomePage :77 - Clicking on Register Link : [[ChromeDriver: chrome on windows (8933ed11332af5484939f8259952d22e)] -> link text: Register]
2023-12-19 22:12:797 INFO  HomePage :72 - Clicking on Computers : [[ChromeDriver: chrome on windows (08ba4abc936d3fc52face9107623b445)] -> xpath: //ul[@class='top-menu notmobile']//a[normalize-space()='Computers']]
2023-12-19 22:12:814 INFO  HomePage :28 - Clicking on Desktops : [[ChromeDriver: chrome on windows (08ba4abc936d3fc52face9107623b445)] -> xpath: //li[@class='inactive']//a[normalize-space()='Desktops']]
2023-12-19 22:12:463 INFO  HomePage :34 - Getting text from : [[ChromeDriver: chrome on windows (08ba4abc936d3fc52face9107623b445)] -> xpath: //h1[contains(text(),'Desktops')]]
2023-12-19 22:12:105 INFO  HomePage :53 - Clicking on login Link : [[ChromeDriver: chrome on windows (7f5c47c6a5c6bcf38ab594d4e90fd6d0)] -> link text: Log in]
2023-12-19 22:12:125 INFO  LoginPage :42 - Entering email id : [[ChromeDriver: chrome on windows (7f5c47c6a5c6bcf38ab594d4e90fd6d0)] -> id: Email]
2023-12-19 22:12:244 INFO  LoginPage :47 - Entering password : [[ChromeDriver: chrome on windows (7f5c47c6a5c6bcf38ab594d4e90fd6d0)] -> name: Password]
2023-12-19 22:12:358 INFO  LoginPage :52 - Clicking on login button : [[ChromeDriver: chrome on windows (7f5c47c6a5c6bcf38ab594d4e90fd6d0)] -> xpath: //button[contains(text(),'Log in')]]
2023-12-19 22:12:65 INFO  HomePage :77 - Clicking on Register Link : [[ChromeDriver: chrome on windows (7f1562d9279d4f13c15f2090ce0148fa)] -> link text: Register]
2023-12-19 22:12:967 INFO  HomePage :130 - Clicking on Register button : [[ChromeDriver: chrome on windows (7f1562d9279d4f13c15f2090ce0148fa)] -> name: register-button]
2023-12-19 22:12:517 INFO  HomePage :72 - Clicking on Computers : [[ChromeDriver: chrome on windows (e19190ac3ed5156044b7f89631ddab9c)] -> xpath: //ul[@class='top-menu notmobile']//a[normalize-space()='Computers']]
2023-12-19 22:12:632 INFO  HomePage :28 - Clicking on Desktops : [[ChromeDriver: chrome on windows (e19190ac3ed5156044b7f89631ddab9c)] -> xpath: //li[@class='inactive']//a[normalize-space()='Desktops']]
2023-12-19 22:12:269 INFO  HomePage :34 - Getting text from : [[ChromeDriver: chrome on windows (e19190ac3ed5156044b7f89631ddab9c)] -> xpath: //h1[contains(text(),'Desktops')]]
2023-12-19 22:12:317 INFO  HomePage :53 - Clicking on Build Your Own Computer : [[ChromeDriver: chrome on windows (e19190ac3ed5156044b7f89631ddab9c)] -> xpath: //h2[@class='product-title']//a[normalize-space()='Build your own computer']]
2023-12-19 22:12:965 INFO  HomePage :54 - Select Processor from dropdown : [[ChromeDriver: chrome on windows (e19190ac3ed5156044b7f89631ddab9c)] -> id: product_attribute_1]
2023-12-19 22:12:173 INFO  HomePage :59 - Select RAM from dropdown : [[ChromeDriver: chrome on windows (e19190ac3ed5156044b7f89631ddab9c)] -> id: product_attribute_2]
2023-12-19 22:12:427 INFO  HomePage :95 - Clicking on Add to Cart : [[ChromeDriver: chrome on windows (e19190ac3ed5156044b7f89631ddab9c)] -> id: add-to-cart-button-1]
2023-12-19 22:12:771 INFO  HomePage :100 - Get productAdded Message : Please select HDD
2023-12-19 22:12:57 INFO  HomePage :72 - Clicking on Computers : [[ChromeDriver: chrome on windows (ead3306bf65a2664e438b9ca81137cfb)] -> xpath: //ul[@class='top-menu notmobile']//a[normalize-space()='Computers']]
2023-12-19 22:12:81 INFO  HomePage :28 - Clicking on Desktops : [[ChromeDriver: chrome on windows (ead3306bf65a2664e438b9ca81137cfb)] -> xpath: //li[@class='inactive']//a[normalize-space()='Desktops']]
2023-12-19 22:12:724 INFO  HomePage :34 - Getting text from : [[ChromeDriver: chrome on windows (ead3306bf65a2664e438b9ca81137cfb)] -> xpath: //h1[contains(text(),'Desktops')]]
2023-12-19 22:12:766 INFO  HomePage :53 - Clicking on Build Your Own Computer : [[ChromeDriver: chrome on windows (ead3306bf65a2664e438b9ca81137cfb)] -> xpath: //h2[@class='product-title']//a[normalize-space()='Build your own computer']]
2023-12-19 22:12:419 INFO  HomePage :54 - Select Processor from dropdown : [[ChromeDriver: chrome on windows (ead3306bf65a2664e438b9ca81137cfb)] -> id: product_attribute_1]
2023-12-19 22:12:511 INFO  HomePage :59 - Select RAM from dropdown : [[ChromeDriver: chrome on windows (ead3306bf65a2664e438b9ca81137cfb)] -> id: product_attribute_2]
2023-12-19 22:12:752 INFO  HomePage :95 - Clicking on Add to Cart : [[ChromeDriver: chrome on windows (ead3306bf65a2664e438b9ca81137cfb)] -> id: add-to-cart-button-1]
2023-12-19 22:12:85 INFO  HomePage :100 - Get productAdded Message : Please select HDD
2023-12-19 22:12:930 INFO  HomePage :72 - Clicking on Computers : [[ChromeDriver: chrome on windows (412e97cb5c2b3900b39954e560c56992)] -> xpath: //ul[@class='top-menu notmobile']//a[normalize-space()='Computers']]
2023-12-19 22:12:49 INFO  HomePage :28 - Clicking on Desktops : [[ChromeDriver: chrome on windows (412e97cb5c2b3900b39954e560c56992)] -> xpath: //li[@class='inactive']//a[normalize-space()='Desktops']]
2023-12-19 22:12:688 INFO  HomePage :34 - Getting text from : [[ChromeDriver: chrome on windows (412e97cb5c2b3900b39954e560c56992)] -> xpath: //h1[contains(text(),'Desktops')]]
2023-12-19 22:12:722 INFO  HomePage :53 - Clicking on Build Your Own Computer : [[ChromeDriver: chrome on windows (412e97cb5c2b3900b39954e560c56992)] -> xpath: //h2[@class='product-title']//a[normalize-space()='Build your own computer']]
2023-12-19 22:12:441 INFO  HomePage :54 - Select Processor from dropdown : [[ChromeDriver: chrome on windows (412e97cb5c2b3900b39954e560c56992)] -> id: product_attribute_1]
2023-12-19 22:12:522 INFO  HomePage :59 - Select RAM from dropdown : [[ChromeDriver: chrome on windows (412e97cb5c2b3900b39954e560c56992)] -> id: product_attribute_2]
2023-12-19 22:12:727 INFO  HomePage :95 - Clicking on Add to Cart : [[ChromeDriver: chrome on windows (412e97cb5c2b3900b39954e560c56992)] -> id: add-to-cart-button-1]
2023-12-19 22:12:57 INFO  HomePage :100 - Get productAdded Message : Please select HDD
2023-12-19 22:12:510 INFO  HomePage :53 - Clicking on login Link : [[ChromeDriver: chrome on windows (368b0d6598b5a8e5b04045b0d0df61cc)] -> link text: Log in]
2023-12-19 22:12:446 INFO  LoginPage :42 - Entering email id : [[ChromeDriver: chrome on windows (368b0d6598b5a8e5b04045b0d0df61cc)] -> id: Email]
2023-12-19 22:12:536 INFO  LoginPage :47 - Entering password : [[ChromeDriver: chrome on windows (368b0d6598b5a8e5b04045b0d0df61cc)] -> name: Password]
2023-12-19 22:12:619 INFO  LoginPage :52 - Clicking on login button : [[ChromeDriver: chrome on windows (368b0d6598b5a8e5b04045b0d0df61cc)] -> xpath: //button[contains(text(),'Log in')]]
2023-12-19 22:12:26 INFO  LoginPage :57 - Getting text from : [[ChromeDriver: chrome on windows (368b0d6598b5a8e5b04045b0d0df61cc)] -> xpath: //div[@class='message-error validation-summary-errors']]
2023-12-19 22:12:341 INFO  HomePage :53 - Clicking on login Link : [[ChromeDriver: chrome on windows (fd45aa53e50c6d4bd66cc31d67fd6933)] -> link text: Log in]
2023-12-19 22:12:410 INFO  LoginPage :42 - Entering email id : [[ChromeDriver: chrome on windows (fd45aa53e50c6d4bd66cc31d67fd6933)] -> id: Email]
2023-12-19 22:12:558 INFO  LoginPage :47 - Entering password : [[ChromeDriver: chrome on windows (fd45aa53e50c6d4bd66cc31d67fd6933)] -> name: Password]
2023-12-19 22:12:682 INFO  LoginPage :52 - Clicking on login button : [[ChromeDriver: chrome on windows (fd45aa53e50c6d4bd66cc31d67fd6933)] -> xpath: //button[contains(text(),'Log in')]]
2023-12-19 22:12:72 INFO  LoginPage :57 - Getting text from : [[ChromeDriver: chrome on windows (fd45aa53e50c6d4bd66cc31d67fd6933)] -> xpath: //div[@class='message-error validation-summary-errors']]
2023-12-19 22:12:432 INFO  HomePage :53 - Clicking on login Link : [[ChromeDriver: chrome on windows (f845192131353901579265c43d9951e3)] -> link text: Log in]
2023-12-19 22:12:493 INFO  LoginPage :42 - Entering email id : [[ChromeDriver: chrome on windows (f845192131353901579265c43d9951e3)] -> id: Email]
2023-12-19 22:12:628 INFO  LoginPage :47 - Entering password : [[ChromeDriver: chrome on windows (f845192131353901579265c43d9951e3)] -> name: Password]
2023-12-19 22:12:742 INFO  LoginPage :52 - Clicking on login button : [[ChromeDriver: chrome on windows (f845192131353901579265c43d9951e3)] -> xpath: //button[contains(text(),'Log in')]]
2023-12-19 22:12:195 INFO  LoginPage :57 - Getting text from : [[ChromeDriver: chrome on windows (f845192131353901579265c43d9951e3)] -> xpath: //div[@class='message-error validation-summary-errors']]
2023-12-19 22:12:763 INFO  HomePage :53 - Clicking on login Link : [[ChromeDriver: chrome on windows (4a8ad64a265cfc8f47104162c47b73d3)] -> link text: Log in]
2023-12-19 22:12:613 INFO  LoginPage :42 - Entering email id : [[ChromeDriver: chrome on windows (4a8ad64a265cfc8f47104162c47b73d3)] -> id: Email]
2023-12-19 22:12:727 INFO  LoginPage :47 - Entering password : [[ChromeDriver: chrome on windows (4a8ad64a265cfc8f47104162c47b73d3)] -> name: Password]
2023-12-19 22:12:853 INFO  LoginPage :52 - Clicking on login button : [[ChromeDriver: chrome on windows (4a8ad64a265cfc8f47104162c47b73d3)] -> xpath: //button[contains(text(),'Log in')]]
2023-12-19 22:12:531 INFO  HomePage :63 - Clicking on log out Link : [[ChromeDriver: chrome on windows (4a8ad64a265cfc8f47104162c47b73d3)] -> xpath: //a[normalize-space()='Log out']]
2023-12-19 22:12:259 INFO  HomePage :45 - Getting text from : [[ChromeDriver: chrome on windows (4a8ad64a265cfc8f47104162c47b73d3)] -> xpath: //h2[contains(text(),'Welcome to our store')]]
2023-12-19 22:12:802 INFO  HomePage :77 - Clicking on Register Link : [[ChromeDriver: chrome on windows (792d6f9c16108232b6df91634a080c7d)] -> link text: Register]
2023-12-19 22:12:149 INFO  HomePage :83 - Select gender :[[ChromeDriver: chrome on windows (792d6f9c16108232b6df91634a080c7d)] -> xpath: //div[@id='gender']//label]radio button<br>
2023-12-19 22:12:238 INFO  HomePage :90 - Enter Firstname : '[[ChromeDriver: chrome on windows (792d6f9c16108232b6df91634a080c7d)] -> id: FirstName]
2023-12-19 22:12:425 INFO  HomePage :95 - Enter Firstname : '[[ChromeDriver: chrome on windows (792d6f9c16108232b6df91634a080c7d)] -> id: LastName]
2023-12-19 22:12:522 INFO  HomePage :100 - Select date from dropDown : [[ChromeDriver: chrome on windows (792d6f9c16108232b6df91634a080c7d)] -> name: DateOfBirthDay]
2023-12-19 22:12:676 INFO  HomePage :105 - Select month from dropDown : [[ChromeDriver: chrome on windows (792d6f9c16108232b6df91634a080c7d)] -> name: DateOfBirthMonth]
2023-12-19 22:12:803 INFO  HomePage :110 - Select year from dropDown : [[ChromeDriver: chrome on windows (792d6f9c16108232b6df91634a080c7d)] -> name: DateOfBirthYear]
2023-12-19 22:12:938 INFO  HomePage :115 - Enter email into : [[ChromeDriver: chrome on windows (792d6f9c16108232b6df91634a080c7d)] -> id: Email]
2023-12-19 22:12:48 INFO  HomePage :120 - Enter password into : [[ChromeDriver: chrome on windows (792d6f9c16108232b6df91634a080c7d)] -> id: Password]
2023-12-19 22:12:163 INFO  HomePage :125 - Enter Confirm password into : [[ChromeDriver: chrome on windows (792d6f9c16108232b6df91634a080c7d)] -> id: ConfirmPassword]
2023-12-19 22:12:266 INFO  HomePage :130 - Clicking on Register button : [[ChromeDriver: chrome on windows (792d6f9c16108232b6df91634a080c7d)] -> name: register-button]
2023-12-19 22:12:44 INFO  HomePage :77 - Clicking on Register Link : [[ChromeDriver: chrome on windows (60805238cfe2936ebdb35be2da810ad3)] -> link text: Register]
2023-12-19 22:12:747 INFO  HomePage :83 - Select gender :[[ChromeDriver: chrome on windows (60805238cfe2936ebdb35be2da810ad3)] -> xpath: //div[@id='gender']//label]radio button<br>
2023-12-19 22:12:847 INFO  HomePage :90 - Enter Firstname : '[[ChromeDriver: chrome on windows (60805238cfe2936ebdb35be2da810ad3)] -> id: FirstName]
2023-12-19 22:12:995 INFO  HomePage :95 - Enter Firstname : '[[ChromeDriver: chrome on windows (60805238cfe2936ebdb35be2da810ad3)] -> id: LastName]
2023-12-19 22:12:119 INFO  HomePage :100 - Select date from dropDown : [[ChromeDriver: chrome on windows (60805238cfe2936ebdb35be2da810ad3)] -> name: DateOfBirthDay]
2023-12-19 22:12:304 INFO  HomePage :105 - Select month from dropDown : [[ChromeDriver: chrome on windows (60805238cfe2936ebdb35be2da810ad3)] -> name: DateOfBirthMonth]
2023-12-19 22:12:474 INFO  HomePage :110 - Select year from dropDown : [[ChromeDriver: chrome on windows (60805238cfe2936ebdb35be2da810ad3)] -> name: DateOfBirthYear]
2023-12-19 22:12:611 INFO  HomePage :115 - Enter email into : [[ChromeDriver: chrome on windows (60805238cfe2936ebdb35be2da810ad3)] -> id: Email]
2023-12-19 22:12:747 INFO  HomePage :120 - Enter password into : [[ChromeDriver: chrome on windows (60805238cfe2936ebdb35be2da810ad3)] -> id: Password]
2023-12-19 22:12:879 INFO  HomePage :125 - Enter Confirm password into : [[ChromeDriver: chrome on windows (60805238cfe2936ebdb35be2da810ad3)] -> id: ConfirmPassword]
2023-12-19 22:12:07 INFO  HomePage :130 - Clicking on Register button : [[ChromeDriver: chrome on windows (60805238cfe2936ebdb35be2da810ad3)] -> name: register-button]
2023-12-19 22:12:323 INFO  HomePage :77 - Clicking on Register Link : [[ChromeDriver: chrome on windows (4122855c3074b5f3c772492015fcf7d9)] -> link text: Register]
2023-12-19 22:12:987 INFO  HomePage :83 - Select gender :[[ChromeDriver: chrome on windows (4122855c3074b5f3c772492015fcf7d9)] -> xpath: //div[@id='gender']//label]radio button<br>
2023-12-19 22:12:71 INFO  HomePage :90 - Enter Firstname : '[[ChromeDriver: chrome on windows (4122855c3074b5f3c772492015fcf7d9)] -> id: FirstName]
2023-12-19 22:12:200 INFO  HomePage :95 - Enter Firstname : '[[ChromeDriver: chrome on windows (4122855c3074b5f3c772492015fcf7d9)] -> id: LastName]
2023-12-19 22:12:310 INFO  HomePage :100 - Select date from dropDown : [[ChromeDriver: chrome on windows (4122855c3074b5f3c772492015fcf7d9)] -> name: DateOfBirthDay]
2023-12-19 22:12:469 INFO  HomePage :105 - Select month from dropDown : [[ChromeDriver: chrome on windows (4122855c3074b5f3c772492015fcf7d9)] -> name: DateOfBirthMonth]
2023-12-19 22:12:615 INFO  HomePage :110 - Select year from dropDown : [[ChromeDriver: chrome on windows (4122855c3074b5f3c772492015fcf7d9)] -> name: DateOfBirthYear]
2023-12-19 22:12:755 INFO  HomePage :115 - Enter email into : [[ChromeDriver: chrome on windows (4122855c3074b5f3c772492015fcf7d9)] -> id: Email]
2023-12-19 22:12:878 INFO  HomePage :120 - Enter password into : [[ChromeDriver: chrome on windows (4122855c3074b5f3c772492015fcf7d9)] -> id: Password]
2023-12-19 22:12:04 INFO  HomePage :125 - Enter Confirm password into : [[ChromeDriver: chrome on windows (4122855c3074b5f3c772492015fcf7d9)] -> id: ConfirmPassword]
2023-12-19 22:12:121 INFO  HomePage :130 - Clicking on Register button : [[ChromeDriver: chrome on windows (4122855c3074b5f3c772492015fcf7d9)] -> name: register-button]
